This file contains any messages produced by compilers while
running configure, to aid debugging if configure makes a mistake.

It was created by freedom-metal configure v0.1.2, which was
generated by GNU Autoconf 2.69.  Invocation command line was

  $ /c/fs3_vsd/projects/SiFive_BitNET_MCU/freedom-metal/configure --host=riscv64-unknown-elf --prefix=/c/fs3_vsd/projects/SiFive_BitNET_MCU/bsp/install --libdir=/c/fs3_vsd/projects/SiFive_BitNET_MCU/bsp/install/lib/release --with-builtin-libgloss --with-machine-header=/c/fs3_vsd/projects/SiFive_BitNET_MCU/bsp/metal.h --with-machine-inline=/c/fs3_vsd/projects/SiFive_BitNET_MCU/bsp/metal-inline.h --with-platform-header=/c/fs3_vsd/projects/SiFive_BitNET_MCU/bsp/metal-platform.h

## --------- ##
## Platform. ##
## --------- ##

hostname = DESKTOP-KQQ5PUR
uname -m = x86_64
uname -r = 3.4.9.x86_64
uname -s = MSYS_NT-10.0-19045
uname -v = 2023-09-15 12:15 UTC

/usr/bin/uname -p = unknown
/bin/uname -X     = unknown

/bin/arch              = x86_64
/usr/bin/arch -k       = unknown
/usr/convex/getsysinfo = unknown
/usr/bin/hostinfo      = unknown
/bin/machine           = unknown
/usr/bin/oslevel       = unknown
/bin/universe          = unknown

PATH: /g/vsd/FS/FS_installer/SiFive/sdk-utilities-1.2.0
PATH: /usr/bin
PATH: /g/vsd/FS/FS_installer/jre/bin/server
PATH: /g/vsd/FS/FS_installer/jre/bin
PATH: /c/Program Files/Common Files/Oracle/Java/javapath
PATH: /c/Program Files (x86)/Common Files/Oracle/Java/javapath
PATH: /c/Program Files (x86)/Common Files/Intel/Shared Libraries/redist/intel64/compiler
PATH: /c/Windows/system32
PATH: /c/Windows
PATH: /c/Windows/System32/Wbem
PATH: /c/Windows/System32/WindowsPowerShell/v1.0
PATH: /c/Windows/System32/OpenSSH
PATH: /c/Program Files/Git/cmd
PATH: /c/Program Files/nodejs
PATH: /c/ProgramData/chocolatey/bin
PATH: /c/Program Files (x86)/NVIDIA Corporation/PhysX/Common
PATH: /c/Program Files/dotnet
PATH: /g/flutterApp/flutter/bin
PATH: /c/Program Files/Docker/Docker/resources/bin
PATH: /c/Program Files/PuTTY
PATH: /c/Program Files/LLVM/bin
PATH: /c/Program Files/CMake/bin
PATH: /g/vsd/FS/FS_installer/SiFive/riscv64-unknown-elf-toolsuite-17.9.0-2023.10.0/bin
PATH: /c/Users/ankit/miniconda3/envs/myenv
PATH: /c/Users/ankit/miniconda3/envs/myenv/Scripts
PATH: /c/Users/ankit/AppData/Local/Programs/Python/Python312
PATH: /c/Users/ankit/AppData/Local/Programs/Python/Python312/Scripts
PATH: /c/Users/ankit/AppData/Local/Programs/Python/Python310-32
PATH: /c/Users/ankit/AppData/Local/Programs/Python/Python310-32/Scripts
PATH: /c/Qt/Qt6/6.8.0/mingw_64/bin
PATH: /c/MinGW/bin
PATH: /c/Users/ankit/AppData/Local/Microsoft/WindowsApps
PATH: /c/Users/ankit/AppData/Local/Programs/Microsoft VS Code/bin
PATH: /c/Users/ankit/AppData/Roaming/npm
PATH: /c/Users/ankit/miniconda3/condabin
PATH: /c/Users/ankit/miniconda3/envs/py310/Lib/site-packages/PySide2
PATH: /c/Program Files/OpenSSL-Win64/bin
PATH: /c/Program Files/Java/jdk-22/bin
PATH: /c/Users/ankit/.bun/bin
PATH: /c/Qt/Qt6/Tools/Ninja
PATH: /g/vsd/FS/FS_installer/SiFive/riscv-openocd-2.1.0/bin
PATH: /c/Program Files (x86)/GnuWin32/bin
PATH: /g/vsd/FS/FS_installer


## ----------- ##
## Core tests. ##
## ----------- ##

configure:1908: checking for a BSD-compatible install
configure:1976: result: /usr/bin/install -c
configure:1987: checking whether build environment is sane
configure:2042: result: yes
configure:2101: checking for riscv64-unknown-elf-strip
configure:2117: found /g/vsd/FS/FS_installer/SiFive/riscv64-unknown-elf-toolsuite-17.9.0-2023.10.0/bin/riscv64-unknown-elf-strip
configure:2128: result: riscv64-unknown-elf-strip
configure:2193: checking for a thread-safe mkdir -p
configure:2232: result: /usr/bin/mkdir -p
configure:2239: checking for gawk
configure:2255: found /usr/bin/gawk
configure:2266: result: gawk
configure:2277: checking whether make sets $(MAKE)
configure:2299: result: yes
configure:2328: checking whether make supports nested variables
configure:2345: result: yes
configure:2472: checking whether to enable maintainer-specific portions of Makefiles
configure:2481: result: no
configure:2500: checking build system type
configure:2514: result: x86_64-pc-msys
configure:2534: checking host system type
configure:2547: result: riscv64-unknown-elf
configure:2577: checking for riscv64-unknown-elf-gcc
configure:2593: found /g/vsd/FS/FS_installer/SiFive/riscv64-unknown-elf-toolsuite-17.9.0-2023.10.0/bin/riscv64-unknown-elf-gcc
configure:2604: result: riscv64-unknown-elf-gcc
configure:2873: checking for C compiler version
configure:2882: riscv64-unknown-elf-gcc --version >&5
riscv64-unknown-elf-gcc (SiFive GCC-Metal 12.2.1-2023.10.0) 12.2.1 20221130
Copyright (C) 2022 Free Software Foundation, Inc.
This is free software; see the source for copying conditions.  There is NO
warranty; not even for MERCHANTABILITY or FITNESS FOR A PARTICULAR PURPOSE.

configure:2893: $? = 0
configure:2882: riscv64-unknown-elf-gcc -v >&5
Using built-in specs.
COLLECT_GCC=G:\vsd\FS\FS_installer\SiFive\riscv64-unknown-elf-toolsuite-17.9.0-2023.10.0\bin\riscv64-unknown-elf-gcc
COLLECT_LTO_WRAPPER=g:/vsd/fs/fs_installer/sifive/riscv64-unknown-elf-toolsuite-17.9.0-2023.10.0/bin/../libexec/gcc/riscv64-unknown-elf/12.2.1/lto-wrapper.exe
Target: riscv64-unknown-elf
Configured with: /scratch/jenkins-sw/workspace/freedom-tools/ubuntu20-build/obj/x86_64-w64-mingw32/build/riscv64-unknown-elf-gcc/riscv-gcc/configure --target=riscv64-unknown-elf --host=x86_64-w64-mingw32 --prefix=/scratch/jenkins-sw/workspace/freedom-tools/ubuntu20-build/obj/x86_64-w64-mingw32/install/riscv64-unknown-elf-gcc-12.2.1-2023.10.0-x86_64-w64-mingw32 --with-pkgversion='SiFive GCC-Metal 12.2.1-2023.10.0' --with-bugurl=https://github.com/sifive/freedom-tools/issues --disable-shared --disable-threads --enable-languages=c,c++ --enable-tls --with-newlib --with-sysroot=/scratch/jenkins-sw/workspace/freedom-tools/ubuntu20-build/obj/x86_64-w64-mingw32/install/riscv64-unknown-elf-gcc-12.2.1-2023.10.0-x86_64-w64-mingw32/riscv64-unknown-elf --with-native-system-header-dir=/include --disable-libmudflap --disable-libssp --disable-libquadmath --disable-libgomp --disable-nls --disable-tm-clone-registry --src=../riscv-gcc --without-system-zlib --enable-checking=yes --enable-multilib --with-abi=lp64d --with-arch=rv64imafdc_zicsr_zifencei --with-multilib-generator='rv32ec-ilp32e--;rv32ec_zba_zbb-ilp32e--;rv32eac-ilp32e--;rv32eac_zba_zbb-ilp32e--;rv32emc-ilp32e--;rv32emc_zba_zbb-ilp32e--;rv32emac-ilp32e--;rv32emac_zba_zbb-ilp32e--;rv32ic-ilp32--;rv32ic_zba_zbb-ilp32--;rv32iac-ilp32--;rv32iac_zba_zbb-ilp32--;rv32imc-ilp32--;rv32imc_zba_zbb-ilp32--;rv32imac-ilp32--;rv32imac_zba_zbb-ilp32--;rv32imfc-ilp32f--;rv32imfc_zba_zbb-ilp32f--;rv32imafc-ilp32f--;rv32imafc_zba_zbb-ilp32f--;rv32imfdc-ilp32d--;rv32imfdc_zba_zbb-ilp32d--;rv32imafdc-ilp32d--;rv32imafdc_zba_zbb-ilp32d--;rv64ic-lp64--;rv64ic_zba_zbb-lp64--;rv64iac-lp64--;rv64iac_zba_zbb-lp64--;rv64imc-lp64--;rv64imc_zba_zbb-lp64--;rv64imac-lp64--;rv64imac_zba_zbb-lp64--;rv64imfc-lp64f--;rv64imfc_zba_zbb-lp64f--;rv64imafc-lp64f--;rv64imafc_zba_zbb-lp64f--;rv64imfdc-lp64d--;rv64imfdc_zba_zbb-lp64d--;rv64imafdc-lp64d--;rv64imafdc_zba_zbb-lp64d--;--cmodel=compact' --with-isa-spec=20191213 --with-zstd=/scratch/jenkins-sw/workspace/freedom-tools/ubuntu20-build/obj/x86_64-w64-mingw32/install/host-library CFLAGS=-O2 CXXFLAGS=-O2 'CFLAGS_FOR_TARGET=-Os -mcmodel=medany' 'CXXFLAGS_FOR_TARGET=-Os -mcmodel=medany'
Thread model: single
Supported LTO compression algorithms: zlib zstd
gcc version 12.2.1 20221130 (SiFive GCC-Metal 12.2.1-2023.10.0) 
configure:2893: $? = 0
configure:2882: riscv64-unknown-elf-gcc -V >&5
riscv64-unknown-elf-gcc: error: unrecognized command-line option '-V'
riscv64-unknown-elf-gcc: fatal error: no input files
compilation terminated.
configure:2893: $? = 1
configure:2882: riscv64-unknown-elf-gcc -qversion >&5
riscv64-unknown-elf-gcc: error: unrecognized command-line option '-qversion'; did you mean '--version'?
riscv64-unknown-elf-gcc: fatal error: no input files
compilation terminated.
configure:2893: $? = 1
configure:2913: checking whether the C compiler works
configure:2935: riscv64-unknown-elf-gcc -march=rv32imac_zicsr_zifencei -mabi=ilp32 -mcmodel=medlow -ffunction-sections -fdata-sections -I/c/fs3_vsd/projects/SiFive_BitNET_MCU/bsp/install/include --specs=nano.specs -DMTIME_RATE_HZ_DEF=32768 -fcommon -Os   conftest.c  >&5
configure:2939: $? = 0
configure:2987: result: yes
configure:2990: checking for C compiler default output file name
configure:2992: result: a.out
configure:2998: checking for suffix of executables
configure:3005: riscv64-unknown-elf-gcc -o conftest -march=rv32imac_zicsr_zifencei -mabi=ilp32 -mcmodel=medlow -ffunction-sections -fdata-sections -I/c/fs3_vsd/projects/SiFive_BitNET_MCU/bsp/install/include --specs=nano.specs -DMTIME_RATE_HZ_DEF=32768 -fcommon -Os   conftest.c  >&5
configure:3009: $? = 0
configure:3031: result: 
configure:3053: checking whether we are cross compiling
configure:3061: riscv64-unknown-elf-gcc -o conftest -march=rv32imac_zicsr_zifencei -mabi=ilp32 -mcmodel=medlow -ffunction-sections -fdata-sections -I/c/fs3_vsd/projects/SiFive_BitNET_MCU/bsp/install/include --specs=nano.specs -DMTIME_RATE_HZ_DEF=32768 -fcommon -Os   conftest.c  >&5
configure:3065: $? = 0
configure:3072: ./conftest
/c/fs3_vsd/projects/SiFive_BitNET_MCU/freedom-metal/configure: line 3074: ./conftest: cannot execute binary file: Exec format error
configure:3076: $? = 126
configure:3091: result: yes
configure:3096: checking for suffix of object files
configure:3118: riscv64-unknown-elf-gcc -c -march=rv32imac_zicsr_zifencei -mabi=ilp32 -mcmodel=medlow -ffunction-sections -fdata-sections -I/c/fs3_vsd/projects/SiFive_BitNET_MCU/bsp/install/include --specs=nano.specs -DMTIME_RATE_HZ_DEF=32768 -fcommon -Os  conftest.c >&5
configure:3122: $? = 0
configure:3143: result: o
configure:3147: checking whether we are using the GNU C compiler
configure:3166: riscv64-unknown-elf-gcc -c -march=rv32imac_zicsr_zifencei -mabi=ilp32 -mcmodel=medlow -ffunction-sections -fdata-sections -I/c/fs3_vsd/projects/SiFive_BitNET_MCU/bsp/install/include --specs=nano.specs -DMTIME_RATE_HZ_DEF=32768 -fcommon -Os  conftest.c >&5
configure:3166: $? = 0
configure:3175: result: yes
configure:3184: checking whether riscv64-unknown-elf-gcc accepts -g
configure:3204: riscv64-unknown-elf-gcc -c -g  conftest.c >&5
configure:3204: $? = 0
configure:3245: result: yes
configure:3262: checking for riscv64-unknown-elf-gcc option to accept ISO C89
configure:3325: riscv64-unknown-elf-gcc  -c -march=rv32imac_zicsr_zifencei -mabi=ilp32 -mcmodel=medlow -ffunction-sections -fdata-sections -I/c/fs3_vsd/projects/SiFive_BitNET_MCU/bsp/install/include --specs=nano.specs -DMTIME_RATE_HZ_DEF=32768 -fcommon -Os  conftest.c >&5
configure:3325: $? = 0
configure:3338: result: none needed
configure:3363: checking whether riscv64-unknown-elf-gcc understands -c and -o together
configure:3385: riscv64-unknown-elf-gcc -c conftest.c -o conftest2.o
configure:3388: $? = 0
configure:3385: riscv64-unknown-elf-gcc -c conftest.c -o conftest2.o
configure:3388: $? = 0
configure:3400: result: yes
configure:3428: checking for style of include used by make
configure:3456: result: GNU
configure:3482: checking dependency style of riscv64-unknown-elf-gcc
configure:3593: result: gcc3
configure:3611: checking for riscv64-unknown-elf-ranlib
configure:3627: found /g/vsd/FS/FS_installer/SiFive/riscv64-unknown-elf-toolsuite-17.9.0-2023.10.0/bin/riscv64-unknown-elf-ranlib
configure:3638: result: riscv64-unknown-elf-ranlib
configure:3706: checking for riscv64-unknown-elf-ar
configure:3722: found /g/vsd/FS/FS_installer/SiFive/riscv64-unknown-elf-toolsuite-17.9.0-2023.10.0/bin/riscv64-unknown-elf-ar
configure:3733: result: riscv64-unknown-elf-ar
configure:3803: checking the archiver (riscv64-unknown-elf-ar) interface
configure:3819: riscv64-unknown-elf-gcc -c -march=rv32imac_zicsr_zifencei -mabi=ilp32 -mcmodel=medlow -ffunction-sections -fdata-sections -I/c/fs3_vsd/projects/SiFive_BitNET_MCU/bsp/install/include --specs=nano.specs -DMTIME_RATE_HZ_DEF=32768 -fcommon -Os  conftest.c >&5
configure:3819: $? = 0
configure:3821: riscv64-unknown-elf-ar cru libconftest.a conftest.o >&5
configure:3824: $? = 0
configure:3852: result: ar
configure:3881: checking dependency style of riscv64-unknown-elf-gcc
configure:3990: result: gcc3
configure:4026: riscv64-unknown-elf-gcc -c -march=rv32imac_zicsr_zifencei -mabi=ilp32 -mcmodel=medlow -ffunction-sections -fdata-sections -I/c/fs3_vsd/projects/SiFive_BitNET_MCU/bsp/install/include --specs=nano.specs -DMTIME_RATE_HZ_DEF=32768 -fcommon -Os  conftest.c >&5
configure:4026: $? = 0
configure:4305: checking that generated files are newer than configure
configure:4311: result: done
configure:4354: creating ./config.status

## ---------------------- ##
## Running config.status. ##
## ---------------------- ##

This file was extended by freedom-metal config.status v0.1.2, which was
generated by GNU Autoconf 2.69.  Invocation command line was

  CONFIG_FILES    = 
  CONFIG_HEADERS  = 
  CONFIG_LINKS    = 
  CONFIG_COMMANDS = 
  $ ./config.status 

on DESKTOP-KQQ5PUR

config.status:805: creating Makefile
config.status:962: executing depfiles commands

## ---------------- ##
## Cache variables. ##
## ---------------- ##

ac_cv_build=x86_64-pc-msys
ac_cv_c_compiler_gnu=yes
ac_cv_env_CCASFLAGS_set=
ac_cv_env_CCASFLAGS_value=
ac_cv_env_CCAS_set=
ac_cv_env_CCAS_value=
ac_cv_env_CC_set=
ac_cv_env_CC_value=
ac_cv_env_CFLAGS_set=set
ac_cv_env_CFLAGS_value='-march=rv32imac_zicsr_zifencei -mabi=ilp32 -mcmodel=medlow -ffunction-sections -fdata-sections -I/c/fs3_vsd/projects/SiFive_BitNET_MCU/bsp/install/include --specs=nano.specs -DMTIME_RATE_HZ_DEF=32768 -fcommon -Os'
ac_cv_env_CPPFLAGS_set=
ac_cv_env_CPPFLAGS_value=
ac_cv_env_LDFLAGS_set=
ac_cv_env_LDFLAGS_value=
ac_cv_env_LIBS_set=
ac_cv_env_LIBS_value=
ac_cv_env_build_alias_set=
ac_cv_env_build_alias_value=
ac_cv_env_host_alias_set=set
ac_cv_env_host_alias_value=riscv64-unknown-elf
ac_cv_env_target_alias_set=
ac_cv_env_target_alias_value=
ac_cv_host=riscv64-unknown-elf
ac_cv_objext=o
ac_cv_path_install='/usr/bin/install -c'
ac_cv_path_mkdir=/usr/bin/mkdir
ac_cv_prog_AR=riscv64-unknown-elf-ar
ac_cv_prog_AWK=gawk
ac_cv_prog_CC=riscv64-unknown-elf-gcc
ac_cv_prog_RANLIB=riscv64-unknown-elf-ranlib
ac_cv_prog_STRIP=riscv64-unknown-elf-strip
ac_cv_prog_cc_c89=
ac_cv_prog_cc_g=yes
ac_cv_prog_make_make_set=yes
am_cv_CCAS_dependencies_compiler_type=gcc3
am_cv_CC_dependencies_compiler_type=gcc3
am_cv_ar_interface=ar
am_cv_make_support_nested_variables=yes
am_cv_prog_cc_c_o=yes

## ----------------- ##
## Output variables. ##
## ----------------- ##

ACLOCAL='${SHELL} /c/fs3_vsd/projects/SiFive_BitNET_MCU/freedom-metal/missing aclocal-1.15'
AMDEPBACKSLASH='\'
AMDEP_FALSE='#'
AMDEP_TRUE=''
AMTAR='$${TAR-tar}'
AM_BACKSLASH='\'
AM_DEFAULT_V='$(AM_DEFAULT_VERBOSITY)'
AM_DEFAULT_VERBOSITY='1'
AM_V='$(V)'
AR='riscv64-unknown-elf-ar'
AUTOCONF='${SHELL} /c/fs3_vsd/projects/SiFive_BitNET_MCU/freedom-metal/missing autoconf'
AUTOHEADER='${SHELL} /c/fs3_vsd/projects/SiFive_BitNET_MCU/freedom-metal/missing autoheader'
AUTOMAKE='${SHELL} /c/fs3_vsd/projects/SiFive_BitNET_MCU/freedom-metal/missing automake-1.15'
AWK='gawk'
CC='riscv64-unknown-elf-gcc'
CCAS='riscv64-unknown-elf-gcc'
CCASDEPMODE='depmode=gcc3'
CCASFLAGS='-march=rv32imac_zicsr_zifencei -mabi=ilp32 -mcmodel=medlow -ffunction-sections -fdata-sections -I/c/fs3_vsd/projects/SiFive_BitNET_MCU/bsp/install/include --specs=nano.specs -DMTIME_RATE_HZ_DEF=32768 -fcommon -Os'
CCDEPMODE='depmode=gcc3'
CFLAGS='-march=rv32imac_zicsr_zifencei -mabi=ilp32 -mcmodel=medlow -ffunction-sections -fdata-sections -I/c/fs3_vsd/projects/SiFive_BitNET_MCU/bsp/install/include --specs=nano.specs -DMTIME_RATE_HZ_DEF=32768 -fcommon -Os'
CPPFLAGS=''
CYGPATH_W='cygpath -w'
DEFS='-DPACKAGE_NAME=\"freedom-metal\" -DPACKAGE_TARNAME=\"freedom-metal\" -DPACKAGE_VERSION=\"v0.1.2\" -DPACKAGE_STRING=\"freedom-metal\ v0.1.2\" -DPACKAGE_BUGREPORT=\"https://github.com/sifive/freedom-metal/issues\" -DPACKAGE_URL=\"https://github.com/sifive/freedom-metal\" -DPACKAGE=\"freedom-metal\" -DVERSION=\"v0.1.2\"'
DEPDIR='.deps'
ECHO_C=''
ECHO_N='-n'
ECHO_T=''
EXEEXT=''
INSTALL_DATA='${INSTALL} -m 644'
INSTALL_PROGRAM='${INSTALL}'
INSTALL_SCRIPT='${INSTALL}'
INSTALL_STRIP_PROGRAM='$(install_sh) -c -s'
LDFLAGS=''
LIBOBJS=''
LIBS=''
LTLIBOBJS=''
MACHINE_HEADER='/c/fs3_vsd/projects/SiFive_BitNET_MCU/bsp/metal.h'
MACHINE_INLINE='/c/fs3_vsd/projects/SiFive_BitNET_MCU/bsp/metal-inline.h'
MAINT='#'
MAINTAINER_MODE_FALSE=''
MAINTAINER_MODE_TRUE='#'
MAKEINFO='${SHELL} /c/fs3_vsd/projects/SiFive_BitNET_MCU/freedom-metal/missing makeinfo'
MKDIR_P='/usr/bin/mkdir -p'
OBJEXT='o'
PACKAGE='freedom-metal'
PACKAGE_BUGREPORT='https://github.com/sifive/freedom-metal/issues'
PACKAGE_NAME='freedom-metal'
PACKAGE_STRING='freedom-metal v0.1.2'
PACKAGE_TARNAME='freedom-metal'
PACKAGE_URL='https://github.com/sifive/freedom-metal'
PACKAGE_VERSION='v0.1.2'
PATH_SEPARATOR=':'
PLATFORM_HEADER='/c/fs3_vsd/projects/SiFive_BitNET_MCU/bsp/metal-platform.h'
RANLIB='riscv64-unknown-elf-ranlib'
SET_MAKE=''
SHELL='/bin/sh'
STRIP='riscv64-unknown-elf-strip'
VERSION='v0.1.2'
WITH_BUILTIN_LIBGLOSS_FALSE='#'
WITH_BUILTIN_LIBGLOSS_TRUE=''
WITH_BUILTIN_LIBMETAL_PICO_FALSE=''
WITH_BUILTIN_LIBMETAL_PICO_TRUE='#'
WITH_BUILTIN_LIBMETAL_SEGGER_FALSE=''
WITH_BUILTIN_LIBMETAL_SEGGER_TRUE='#'
ac_ct_AR=''
ac_ct_CC=''
am__EXEEXT_FALSE=''
am__EXEEXT_TRUE='#'
am__fastdepCCAS_FALSE='#'
am__fastdepCCAS_TRUE=''
am__fastdepCC_FALSE='#'
am__fastdepCC_TRUE=''
am__include='include'
am__isrc=' -I$(srcdir)'
am__leading_dot='.'
am__nodep='_no'
am__quote=''
am__tar='$${TAR-tar} chof - "$$tardir"'
am__untar='$${TAR-tar} xf -'
bindir='${exec_prefix}/bin'
build='x86_64-pc-msys'
build_alias=''
build_cpu='x86_64'
build_os='msys'
build_vendor='pc'
datadir='${datarootdir}'
datarootdir='${prefix}/share'
docdir='${datarootdir}/doc/${PACKAGE_TARNAME}'
dvidir='${docdir}'
exec_prefix='${prefix}'
host='riscv64-unknown-elf'
host_alias='riscv64-unknown-elf'
host_cpu='riscv64'
host_os='elf'
host_vendor='unknown'
htmldir='${docdir}'
includedir='${prefix}/include'
infodir='${datarootdir}/info'
install_sh='${SHELL} /c/fs3_vsd/projects/SiFive_BitNET_MCU/freedom-metal/install-sh'
libdir='/c/fs3_vsd/projects/SiFive_BitNET_MCU/bsp/install/lib/release'
libexecdir='${exec_prefix}/libexec'
localedir='${datarootdir}/locale'
localstatedir='${prefix}/var'
mandir='${datarootdir}/man'
mkdir_p='$(MKDIR_P)'
oldincludedir='/usr/include'
pdfdir='${docdir}'
prefix='/c/fs3_vsd/projects/SiFive_BitNET_MCU/bsp/install'
program_transform_name='s,x,x,'
psdir='${docdir}'
runstatedir='${localstatedir}/run'
sbindir='${exec_prefix}/sbin'
sharedstatedir='${prefix}/com'
sysconfdir='${prefix}/etc'
target_alias=''

## ----------- ##
## confdefs.h. ##
## ----------- ##

/* confdefs.h */
#define PACKAGE_NAME "freedom-metal"
#define PACKAGE_TARNAME "freedom-metal"
#define PACKAGE_VERSION "v0.1.2"
#define PACKAGE_STRING "freedom-metal v0.1.2"
#define PACKAGE_BUGREPORT "https://github.com/sifive/freedom-metal/issues"
#define PACKAGE_URL "https://github.com/sifive/freedom-metal"
#define PACKAGE "freedom-metal"
#define VERSION "v0.1.2"

configure: exit 0
